<?xml version="1.0" encoding="UTF-8"?>
<testsuite name="TwoFerTest" tests="4" skipped="0" failures="0" errors="0" timestamp="2022-07-31T17:35:07" hostname="DESKTOP-IDBSLUE" time="0.025">
  <properties/>
  <testcase name="noNameGiven" classname="TwoFerTest" time="0.024"/>
  <testcase name="emptyStringGiven" classname="TwoFerTest" time="0.0"/>
  <testcase name="aNameGiven" classname="TwoFerTest" time="0.0"/>
  <testcase name="anotherNameGiven" classname="TwoFerTest" time="0.001"/>
  <system-out><![CDATA[]]></system-out>
  <system-err><![CDATA[]]></system-err>
</testsuite>
